# JRE version: OpenJDK Runtime Environment (11.0.13) (build 11.0.13+0-b1751.21-8125866)
# Java VM: OpenJDK 64-Bit Server VM (11.0.13+0-b1751.21-8125866, mixed mode, tiered, compressed oops, g1 gc, windows-amd64)
Heap:
 garbage-first heap   total 1096704K, used 286630K [0x0000000080000000, 0x0000000100000000)
  region size 1024K, 8 young (8192K), 8 survivors (8192K)
 Metaspace       used 109353K, capacity 112012K, committed 112156K, reserved 1146880K
  class space    used 14072K, capacity 15076K, committed 15180K, reserved 1048576K
GC Heap History (20 events):
Event: 51.314 GC heap after
{Heap after GC invocations=44 (full 0):
 garbage-first heap   total 196608K, used 170208K [0x0000000080000000, 0x0000000100000000)
  region size 1024K, 2 young (2048K), 2 survivors (2048K)
 Metaspace       used 103257K, capacity 105579K, committed 105628K, reserved 1140736K
  class space    used 13123K, capacity 13993K, committed 14028K, reserved 1048576K
}
Event: 51.370 GC heap before
{Heap before GC invocations=44 (full 0):
 garbage-first heap   total 196608K, used 176352K [0x0000000080000000, 0x0000000100000000)
  region size 1024K, 9 young (9216K), 2 survivors (2048K)
 Metaspace       used 103257K, capacity 105579K, committed 105628K, reserved 1140736K
  class space    used 13123K, capacity 13993K, committed 14028K, reserved 1048576K
}
Event: 51.384 GC heap after
{Heap after GC invocations=45 (full 0):
 garbage-first heap   total 196608K, used 173048K [0x0000000080000000, 0x0000000100000000)
  region size 1024K, 2 young (2048K), 2 survivors (2048K)
 Metaspace       used 103257K, capacity 105579K, committed 105628K, reserved 1140736K
  class space    used 13123K, capacity 13993K, committed 14028K, reserved 1048576K
}
Event: 51.494 GC heap before
{Heap before GC invocations=45 (full 0):
 garbage-first heap   total 196608K, used 181240K [0x0000000080000000, 0x0000000100000000)
  region size 1024K, 9 young (9216K), 2 survivors (2048K)
 Metaspace       used 103257K, capacity 105579K, committed 105628K, reserved 1140736K
  class space    used 13123K, capacity 13993K, committed 14028K, reserved 1048576K
}
Event: 51.508 GC heap after
{Heap after GC invocations=46 (full 0):
 garbage-first heap   total 236544K, used 177074K [0x0000000080000000, 0x0000000100000000)
  region size 1024K, 2 young (2048K), 2 survivors (2048K)
 Metaspace       used 103257K, capacity 105579K, committed 105628K, reserved 1140736K
  class space    used 13123K, capacity 13993K, committed 14028K, reserved 1048576K
}
Event: 51.664 GC heap before
{Heap before GC invocations=46 (full 0):
 garbage-first heap   total 236544K, used 191410K [0x0000000080000000, 0x0000000100000000)
  region size 1024K, 15 young (15360K), 2 survivors (2048K)
 Metaspace       used 103273K, capacity 105579K, committed 105628K, reserved 1140736K
  class space    used 13124K, capacity 13993K, committed 14028K, reserved 1048576K
}
Event: 51.691 GC heap after
{Heap after GC invocations=47 (full 0):
 garbage-first heap   total 236544K, used 183060K [0x0000000080000000, 0x0000000100000000)
  region size 1024K, 2 young (2048K), 2 survivors (2048K)
 Metaspace       used 103273K, capacity 105579K, committed 105628K, reserved 1140736K
  class space    used 13124K, capacity 13993K, committed 14028K, reserved 1048576K
}
Event: 51.854 GC heap before
{Heap before GC invocations=47 (full 0):
 garbage-first heap   total 236544K, used 194324K [0x0000000080000000, 0x0000000100000000)
  region size 1024K, 14 young (14336K), 2 survivors (2048K)
 Metaspace       used 103304K, capacity 105611K, committed 105756K, reserved 1140736K
  class space    used 13131K, capacity 14025K, committed 14156K, reserved 1048576K
}
Event: 51.876 GC heap after
{Heap after GC invocations=48 (full 0):
 garbage-first heap   total 236544K, used 187810K [0x0000000080000000, 0x0000000100000000)
  region size 1024K, 2 young (2048K), 2 survivors (2048K)
 Metaspace       used 103304K, capacity 105611K, committed 105756K, reserved 1140736K
  class space    used 13131K, capacity 14025K, committed 14156K, reserved 1048576K
}
Event: 51.946 GC heap before
{Heap before GC invocations=48 (full 0):
 garbage-first heap   total 236544K, used 199074K [0x0000000080000000, 0x0000000100000000)
  region size 1024K, 12 young (12288K), 2 survivors (2048K)
 Metaspace       used 103365K, capacity 105702K, committed 106012K, reserved 1140736K
  class space    used 13143K, capacity 14037K, committed 14156K, reserved 1048576K
}
Event: 51.974 GC heap after
{Heap after GC invocations=49 (full 0):
 garbage-first heap   total 236544K, used 194560K [0x0000000080000000, 0x0000000100000000)
  region size 1024K, 2 young (2048K), 2 survivors (2048K)
 Metaspace       used 103365K, capacity 105702K, committed 106012K, reserved 1140736K
  class space    used 13143K, capacity 14037K, committed 14156K, reserved 1048576K
}
Event: 52.266 GC heap before
{Heap before GC invocations=50 (full 0):
 garbage-first heap   total 236544K, used 203776K [0x0000000080000000, 0x0000000100000000)
  region size 1024K, 11 young (11264K), 2 survivors (2048K)
 Metaspace       used 105320K, capacity 107718K, committed 107932K, reserved 1142784K
  class space    used 13569K, capacity 14458K, committed 14540K, reserved 1048576K
}
Event: 52.293 GC heap after
{Heap after GC invocations=51 (full 0):
 garbage-first heap   total 473088K, used 196810K [0x0000000080000000, 0x0000000100000000)
  region size 1024K, 2 young (2048K), 2 survivors (2048K)
 Metaspace       used 105320K, capacity 107718K, committed 107932K, reserved 1142784K
  class space    used 13569K, capacity 14458K, committed 14540K, reserved 1048576K
}
Event: 53.330 GC heap before
{Heap before GC invocations=51 (full 0):
 garbage-first heap   total 473088K, used 274634K [0x0000000080000000, 0x0000000100000000)
  region size 1024K, 78 young (79872K), 2 survivors (2048K)
 Metaspace       used 105813K, capacity 108227K, committed 108572K, reserved 1142784K
  class space    used 13611K, capacity 14537K, committed 14668K, reserved 1048576K
}
Event: 53.442 GC heap after
{Heap after GC invocations=52 (full 0):
 garbage-first heap   total 473088K, used 234990K [0x0000000080000000, 0x0000000100000000)
  region size 1024K, 10 young (10240K), 10 survivors (10240K)
 Metaspace       used 105813K, capacity 108227K, committed 108572K, reserved 1142784K
  class space    used 13611K, capacity 14537K, committed 14668K, reserved 1048576K
}
Event: 54.099 GC heap before
{Heap before GC invocations=52 (full 0):
 garbage-first heap   total 473088K, used 303598K [0x0000000080000000, 0x0000000100000000)
  region size 1024K, 78 young (79872K), 10 survivors (10240K)
 Metaspace       used 105824K, capacity 108227K, committed 108572K, reserved 1142784K
  class space    used 13611K, capacity 14537K, committed 14668K, reserved 1048576K
}
Event: 54.246 GC heap after
{Heap after GC invocations=53 (full 0):
 garbage-first heap   total 473088K, used 270848K [0x0000000080000000, 0x0000000100000000)
  region size 1024K, 10 young (10240K), 10 survivors (10240K)
 Metaspace       used 105824K, capacity 108227K, committed 108572K, reserved 1142784K
  class space    used 13611K, capacity 14537K, committed 14668K, reserved 1048576K
}
Event: 56.978 GC heap before
{Heap before GC invocations=54 (full 0):
 garbage-first heap   total 473088K, used 328192K [0x0000000080000000, 0x0000000100000000)
  region size 1024K, 68 young (69632K), 10 survivors (10240K)
 Metaspace       used 108622K, capacity 111191K, committed 111260K, reserved 1144832K
  class space    used 13990K, capacity 14984K, committed 15052K, reserved 1048576K
}
Event: 57.016 GC heap after
{Heap after GC invocations=55 (full 0):
 garbage-first heap   total 473088K, used 280064K [0x0000000080000000, 0x0000000100000000)
  region size 1024K, 9 young (9216K), 9 survivors (9216K)
 Metaspace       used 108622K, capacity 111191K, committed 111260K, reserved 1144832K
  class space    used 13990K, capacity 14984K, committed 15052K, reserved 1048576K
}
Event: 58.274 GC heap before
{Heap before GC invocations=55 (full 0):
 garbage-first heap   total 473088K, used 342528K [0x0000000080000000, 0x0000000100000000)
  region size 1024K, 70 young (71680K), 9 survivors (9216K)
 Metaspace       used 109353K, capacity 112012K, committed 112156K, reserved 1146880K
  class space    used 14072K, capacity 15076K, committed 15180K, reserved 1048576K
}

