# JRE version: OpenJDK Runtime Environment (11.0.13) (build 11.0.13+0-b1751.21-8125866)
# Java VM: OpenJDK 64-Bit Server VM (11.0.13+0-b1751.21-8125866, mixed mode, tiered, compressed oops, g1 gc, windows-amd64)
Heap:
 garbage-first heap   total 630784K, used 356352K [0x0000000080000000, 0x0000000100000000)
  region size 1024K, 15 young (15360K), 15 survivors (15360K)
 Metaspace       used 131099K, capacity 134424K, committed 134736K, reserved 1167360K
  class space    used 15911K, capacity 17216K, committed 17280K, reserved 1048576K
GC Heap History (20 events):
Event: 69.291 GC heap after
{Heap after GC invocations=77 (full 0):
 garbage-first heap   total 546816K, used 294246K [0x0000000080000000, 0x0000000100000000)
  region size 1024K, 15 young (15360K), 15 survivors (15360K)
 Metaspace       used 130802K, capacity 134100K, committed 134224K, reserved 1167360K
  class space    used 15892K, capacity 17167K, committed 17280K, reserved 1048576K
}
Event: 70.022 GC heap before
{Heap before GC invocations=77 (full 0):
 garbage-first heap   total 546816K, used 474470K [0x0000000080000000, 0x0000000100000000)
  region size 1024K, 192 young (196608K), 15 survivors (15360K)
 Metaspace       used 130831K, capacity 134166K, committed 134480K, reserved 1167360K
  class space    used 15892K, capacity 17167K, committed 17280K, reserved 1048576K
}
Event: 70.050 GC heap after
{Heap after GC invocations=78 (full 0):
 garbage-first heap   total 546816K, used 295042K [0x0000000080000000, 0x0000000100000000)
  region size 1024K, 14 young (14336K), 14 survivors (14336K)
 Metaspace       used 130831K, capacity 134166K, committed 134480K, reserved 1167360K
  class space    used 15892K, capacity 17167K, committed 17280K, reserved 1048576K
}
Event: 70.771 GC heap before
{Heap before GC invocations=78 (full 0):
 garbage-first heap   total 546816K, used 475266K [0x0000000080000000, 0x0000000100000000)
  region size 1024K, 191 young (195584K), 14 survivors (14336K)
 Metaspace       used 130856K, capacity 134169K, committed 134480K, reserved 1167360K
  class space    used 15892K, capacity 17167K, committed 17280K, reserved 1048576K
}
Event: 70.807 GC heap after
{Heap after GC invocations=79 (full 0):
 garbage-first heap   total 546816K, used 301849K [0x0000000080000000, 0x0000000100000000)
  region size 1024K, 19 young (19456K), 19 survivors (19456K)
 Metaspace       used 130856K, capacity 134169K, committed 134480K, reserved 1167360K
  class space    used 15892K, capacity 17167K, committed 17280K, reserved 1048576K
}
Event: 71.426 GC heap before
{Heap before GC invocations=79 (full 0):
 garbage-first heap   total 546816K, used 469785K [0x0000000080000000, 0x0000000100000000)
  region size 1024K, 184 young (188416K), 19 survivors (19456K)
 Metaspace       used 130873K, capacity 134177K, committed 134480K, reserved 1167360K
  class space    used 15892K, capacity 17168K, committed 17280K, reserved 1048576K
}
Event: 71.452 GC heap after
{Heap after GC invocations=80 (full 0):
 garbage-first heap   total 546816K, used 295621K [0x0000000080000000, 0x0000000100000000)
  region size 1024K, 6 young (6144K), 6 survivors (6144K)
 Metaspace       used 130873K, capacity 134177K, committed 134480K, reserved 1167360K
  class space    used 15892K, capacity 17168K, committed 17280K, reserved 1048576K
}
Event: 72.128 GC heap before
{Heap before GC invocations=80 (full 0):
 garbage-first heap   total 546816K, used 472773K [0x0000000080000000, 0x0000000100000000)
  region size 1024K, 180 young (184320K), 6 survivors (6144K)
 Metaspace       used 130904K, capacity 134187K, committed 134480K, reserved 1167360K
  class space    used 15894K, capacity 17171K, committed 17280K, reserved 1048576K
}
Event: 72.145 GC heap after
{Heap after GC invocations=81 (full 0):
 garbage-first heap   total 546816K, used 299925K [0x0000000080000000, 0x0000000100000000)
  region size 1024K, 10 young (10240K), 10 survivors (10240K)
 Metaspace       used 130904K, capacity 134187K, committed 134480K, reserved 1167360K
  class space    used 15894K, capacity 17171K, committed 17280K, reserved 1048576K
}
Event: 72.765 GC heap before
{Heap before GC invocations=81 (full 0):
 garbage-first heap   total 546816K, used 470933K [0x0000000080000000, 0x0000000100000000)
  region size 1024K, 178 young (182272K), 10 survivors (10240K)
 Metaspace       used 130974K, capacity 134307K, committed 134480K, reserved 1167360K
  class space    used 15907K, capacity 17209K, committed 17280K, reserved 1048576K
}
Event: 72.792 GC heap after
{Heap after GC invocations=82 (full 0):
 garbage-first heap   total 546816K, used 307304K [0x0000000080000000, 0x0000000100000000)
  region size 1024K, 17 young (17408K), 17 survivors (17408K)
 Metaspace       used 130974K, capacity 134307K, committed 134480K, reserved 1167360K
  class space    used 15907K, capacity 17209K, committed 17280K, reserved 1048576K
}
Event: 73.445 GC heap before
{Heap before GC invocations=82 (full 0):
 garbage-first heap   total 546816K, used 470120K [0x0000000080000000, 0x0000000100000000)
  region size 1024K, 175 young (179200K), 17 survivors (17408K)
 Metaspace       used 131002K, capacity 134327K, committed 134480K, reserved 1167360K
  class space    used 15911K, capacity 17216K, committed 17280K, reserved 1048576K
}
Event: 73.504 GC heap after
{Heap after GC invocations=83 (full 0):
 garbage-first heap   total 546816K, used 316807K [0x0000000080000000, 0x0000000100000000)
  region size 1024K, 18 young (18432K), 18 survivors (18432K)
 Metaspace       used 131002K, capacity 134327K, committed 134480K, reserved 1167360K
  class space    used 15911K, capacity 17216K, committed 17280K, reserved 1048576K
}
Event: 74.324 GC heap before
{Heap before GC invocations=83 (full 0):
 garbage-first heap   total 546816K, used 472455K [0x0000000080000000, 0x0000000100000000)
  region size 1024K, 165 young (168960K), 18 survivors (18432K)
 Metaspace       used 131091K, capacity 134424K, committed 134736K, reserved 1167360K
  class space    used 15911K, capacity 17216K, committed 17280K, reserved 1048576K
}
Event: 74.351 GC heap after
{Heap after GC invocations=84 (full 0):
 garbage-first heap   total 546816K, used 317952K [0x0000000080000000, 0x0000000100000000)
  region size 1024K, 11 young (11264K), 11 survivors (11264K)
 Metaspace       used 131091K, capacity 134424K, committed 134736K, reserved 1167360K
  class space    used 15911K, capacity 17216K, committed 17280K, reserved 1048576K
}
Event: 74.952 GC heap before
{Heap before GC invocations=84 (full 0):
 garbage-first heap   total 546816K, used 468480K [0x0000000080000000, 0x0000000100000000)
  region size 1024K, 159 young (162816K), 11 survivors (11264K)
 Metaspace       used 131096K, capacity 134424K, committed 134736K, reserved 1167360K
  class space    used 15911K, capacity 17216K, committed 17280K, reserved 1048576K
}
Event: 74.989 GC heap after
{Heap after GC invocations=85 (full 0):
 garbage-first heap   total 546816K, used 328548K [0x0000000080000000, 0x0000000100000000)
  region size 1024K, 20 young (20480K), 20 survivors (20480K)
 Metaspace       used 131096K, capacity 134424K, committed 134736K, reserved 1167360K
  class space    used 15911K, capacity 17216K, committed 17280K, reserved 1048576K
}
Event: 75.417 GC heap before
{Heap before GC invocations=85 (full 0):
 garbage-first heap   total 546816K, used 460644K [0x0000000080000000, 0x0000000100000000)
  region size 1024K, 150 young (153600K), 20 survivors (20480K)
 Metaspace       used 131098K, capacity 134424K, committed 134736K, reserved 1167360K
  class space    used 15911K, capacity 17216K, committed 17280K, reserved 1048576K
}
Event: 75.466 GC heap after
{Heap after GC invocations=86 (full 0):
 garbage-first heap   total 546816K, used 343816K [0x0000000080000000, 0x0000000100000000)
  region size 1024K, 19 young (19456K), 19 survivors (19456K)
 Metaspace       used 131098K, capacity 134424K, committed 134736K, reserved 1167360K
  class space    used 15911K, capacity 17216K, committed 17280K, reserved 1048576K
}
Event: 75.911 GC heap before
{Heap before GC invocations=86 (full 0):
 garbage-first heap   total 546816K, used 459528K [0x0000000080000000, 0x0000000100000000)
  region size 1024K, 132 young (135168K), 19 survivors (19456K)
 Metaspace       used 131099K, capacity 134424K, committed 134736K, reserved 1167360K
  class space    used 15911K, capacity 17216K, committed 17280K, reserved 1048576K
}

